<?xml version="1.0" encoding="UTF-8"?>
<!-- Generated by org.testng.reporters.JUnitReportReporter -->
<testsuite hostname="DESKTOP-OBP08OP" failures="0" tests="16" name="codenboxautomationlab1.codenboxautomationlab1.AppTest" time="6.084" errors="0" timestamp="2025-05-20T01:32:32 EET" skipped="11">
  <testcase classname="codenboxautomationlab1.codenboxautomationlab1.AppTest" name="Dynamic_Dropdown" time="2.173"/>
  <testcase classname="codenboxautomationlab1.codenboxautomationlab1.AppTest" name="SelectTag" time="0.030"/>
  <testcase classname="codenboxautomationlab1.codenboxautomationlab1.AppTest" name="DownloadApkFileAndScreenShot" time="1.463"/>
  <testcase classname="codenboxautomationlab1.codenboxautomationlab1.AppTest" name="DownloadApkFileAndScreenShot" time="1.181"/>
  <testcase classname="codenboxautomationlab1.codenboxautomationlab1.AppTest" name="DownloadApkFileAndScreenShot" time="1.237"/>
  <testcase classname="codenboxautomationlab1.codenboxautomationlab1.AppTest" name="CalenderOpen">
    <skipped/>
  </testcase> <!-- CalenderOpen -->
  <testcase classname="codenboxautomationlab1.codenboxautomationlab1.AppTest" name="RadioButton">
    <skipped/>
  </testcase> <!-- RadioButton -->
  <testcase classname="codenboxautomationlab1.codenboxautomationlab1.AppTest" name="MouseHover">
    <skipped/>
  </testcase> <!-- MouseHover -->
  <testcase classname="codenboxautomationlab1.codenboxautomationlab1.AppTest" name="EnableDisable">
    <skipped/>
  </testcase> <!-- EnableDisable -->
  <testcase classname="codenboxautomationlab1.codenboxautomationlab1.AppTest" name="Iframe">
    <skipped/>
  </testcase> <!-- Iframe -->
  <testcase classname="codenboxautomationlab1.codenboxautomationlab1.AppTest" name="SwitchWindow">
    <skipped/>
  </testcase> <!-- SwitchWindow -->
  <testcase classname="codenboxautomationlab1.codenboxautomationlab1.AppTest" name="HideAndShow">
    <skipped/>
  </testcase> <!-- HideAndShow -->
  <testcase classname="codenboxautomationlab1.codenboxautomationlab1.AppTest" name="CheckBoxTag">
    <skipped/>
  </testcase> <!-- CheckBoxTag -->
  <testcase classname="codenboxautomationlab1.codenboxautomationlab1.AppTest" name="AlertTest">
    <skipped/>
  </testcase> <!-- AlertTest -->
  <testcase classname="codenboxautomationlab1.codenboxautomationlab1.AppTest" name="TableTest">
    <skipped/>
  </testcase> <!-- TableTest -->
  <testcase classname="codenboxautomationlab1.codenboxautomationlab1.AppTest" name="SwitchTab">
    <skipped/>
  </testcase> <!-- SwitchTab -->
</testsuite> <!-- codenboxautomationlab1.codenboxautomationlab1.AppTest -->
