<?xml version="1.0" encoding="UTF-8"?>
<!-- Generated by org.testng.reporters.JUnitReportReporter -->
<testsuite hostname="DESKTOP-OBP08OP" failures="0" tests="18" name="codenboxautomationlab1.codenboxautomationlab1.CopyCases" time="7.366" errors="0" timestamp="2025-05-20T01:23:44 EET" skipped="13">
  <testcase classname="codenboxautomationlab1.codenboxautomationlab1.CopyCases" name="DownloadApkFileAndScreenShot" time="1.257"/>
  <testcase classname="codenboxautomationlab1.codenboxautomationlab1.CopyCases" name="DownloadApkFileAndScreenShot" time="1.320"/>
  <testcase classname="codenboxautomationlab1.codenboxautomationlab1.CopyCases" name="DownloadApkFileAndScreenShot" time="1.422"/>
  <testcase classname="codenboxautomationlab1.codenboxautomationlab1.CopyCases" name="DownloadApkFileAndScreenShot" time="1.240"/>
  <testcase classname="codenboxautomationlab1.codenboxautomationlab1.CopyCases" name="DownloadApkFileAndScreenShot" time="2.127"/>
  <testcase classname="codenboxautomationlab1.codenboxautomationlab1.CopyCases" name="RadioButton">
    <skipped/>
  </testcase> <!-- RadioButton -->
  <testcase classname="codenboxautomationlab1.codenboxautomationlab1.CopyCases" name="Dynamic_Dropdown">
    <skipped/>
  </testcase> <!-- Dynamic_Dropdown -->
  <testcase classname="codenboxautomationlab1.codenboxautomationlab1.CopyCases" name="EnableDisable">
    <skipped/>
  </testcase> <!-- EnableDisable -->
  <testcase classname="codenboxautomationlab1.codenboxautomationlab1.CopyCases" name="SwitchTab">
    <skipped/>
  </testcase> <!-- SwitchTab -->
  <testcase classname="codenboxautomationlab1.codenboxautomationlab1.CopyCases" name="TableTest">
    <skipped/>
  </testcase> <!-- TableTest -->
  <testcase classname="codenboxautomationlab1.codenboxautomationlab1.CopyCases" name="SelectTag">
    <skipped/>
  </testcase> <!-- SelectTag -->
  <testcase classname="codenboxautomationlab1.codenboxautomationlab1.CopyCases" name="CalenderOpen">
    <skipped/>
  </testcase> <!-- CalenderOpen -->
  <testcase classname="codenboxautomationlab1.codenboxautomationlab1.CopyCases" name="AlertTest">
    <skipped/>
  </testcase> <!-- AlertTest -->
  <testcase classname="codenboxautomationlab1.codenboxautomationlab1.CopyCases" name="SwitchWindow">
    <skipped/>
  </testcase> <!-- SwitchWindow -->
  <testcase classname="codenboxautomationlab1.codenboxautomationlab1.CopyCases" name="CheckBoxTag">
    <skipped/>
  </testcase> <!-- CheckBoxTag -->
  <testcase classname="codenboxautomationlab1.codenboxautomationlab1.CopyCases" name="Iframe">
    <skipped/>
  </testcase> <!-- Iframe -->
  <testcase classname="codenboxautomationlab1.codenboxautomationlab1.CopyCases" name="HideAndShow">
    <skipped/>
  </testcase> <!-- HideAndShow -->
  <testcase classname="codenboxautomationlab1.codenboxautomationlab1.CopyCases" name="MouseHover">
    <skipped/>
  </testcase> <!-- MouseHover -->
</testsuite> <!-- codenboxautomationlab1.codenboxautomationlab1.CopyCases -->
